#
# There is insufficient memory for the Java Runtime Environment to continue.
# Native memory allocation (malloc) failed to allocate 1048576 bytes. Error detail: AllocateHeap
# Possible reasons:
#   The system is out of physical RAM or swap space
#   This process is running with CompressedOops enabled, and the Java Heap may be blocking the growth of the native heap
# Possible solutions:
#   Reduce memory load on the system
#   Increase physical memory or swap space
#   Check if swap backing store is full
#   Decrease Java heap size (-Xmx/-Xms)
#   Decrease number of Java threads
#   Decrease Java thread stack sizes (-Xss)
#   Set larger code cache with -XX:ReservedCodeCacheSize=
#   JVM is running with Unscaled Compressed Oops mode in which the Java heap is
#     placed in the first 4GB address space. The Java Heap base address is the
#     maximum limit for the native heap growth. Please use -XX:HeapBaseMinAddress
#     to set the Java Heap base and to place the Java Heap above 4GB virtual address.
# This output file may be truncated or incomplete.
#
#  Out of Memory Error (allocation.cpp:44), pid=43092, tid=24924
#
# JRE version:  (23.0.1+11) (build )
# Java VM: Java HotSpot(TM) 64-Bit Server VM (23.0.1+11-39, mixed mode, sharing, tiered, compressed oops, compressed class ptrs, g1 gc, windows-amd64)
# No core dump will be written. Minidumps are not enabled by default on client versions of Windows
#

---------------  S U M M A R Y ------------

Command Line: -Dclassworlds.conf=C:\Program Files\NetBeans-24\netbeans\java\maven\bin\m2.conf -Dmaven.home=C:\Program Files\NetBeans-24\netbeans\java\maven -Dlibrary.jansi.path=C:\Program Files\NetBeans-24\netbeans\java\maven\lib\jansi-native -Dmaven.multiModuleProjectDirectory=C:\Users\hazky\Documents\NetBeansProjects\ProyectoII org.codehaus.plexus.classworlds.launcher.Launcher -Dexec.vmArgs= -Dexec.args=${exec.vmArgs} -classpath %classpath ${exec.mainClass} ${exec.appArgs} -Dexec.appArgs= -Dexec.mainClass=com.mycompany.proyectoii.ProyectoII -Dexec.executable=C:\Program Files\Java\jdk-23\bin\java.exe -Dmaven.ext.class.path=C:\Program Files\NetBeans-24\netbeans\java\maven-nblib\netbeans-eventspy.jar --no-transfer-progress process-classes org.codehaus.mojo:exec-maven-plugin:3.1.0:exec

Host: AMD Ryzen 5 7535HS with Radeon Graphics        , 12 cores, 7G,  Windows 11 , 64 bit Build 22621 (10.0.22621.4974)
Time: Mon Apr  7 22:19:35 2025 SA Western Standard Time elapsed time: 0.011210 seconds (0d 0h 0m 0s)

---------------  T H R E A D  ---------------

Current thread (0x0000022ec9572010):  JavaThread "Unknown thread" [_thread_in_vm, id=24924, stack(0x000000ce60b00000,0x000000ce60c00000) (1024K)]

Stack: [0x000000ce60b00000,0x000000ce60c00000]
Native frames: (J=compiled Java code, j=interpreted, Vv=VM code, C=native code)
V  [jvm.dll+0x6e08b9]  (no source info available)
V  [jvm.dll+0x87dc83]  (no source info available)
V  [jvm.dll+0x88010e]  (no source info available)
V  [jvm.dll+0x8807e3]  (no source info available)
V  [jvm.dll+0x27aee6]  (no source info available)
V  [jvm.dll+0xb6a17]  (no source info available)
V  [jvm.dll+0x331585]  (no source info available)
V  [jvm.dll+0x329641]  (no source info available)
V  [jvm.dll+0x844355]  (no source info available)
V  [jvm.dll+0x3b9848]  (no source info available)
V  [jvm.dll+0x82d14c]  (no source info available)
V  [jvm.dll+0x454d4e]  (no source info available)
V  [jvm.dll+0x456bd1]  (no source info available)
C  [jli.dll+0x52a3]  (no source info available)
C  [ucrtbase.dll+0x29333]  (no source info available)
C  [KERNEL32.DLL+0x1259d]  (no source info available)
C  [ntdll.dll+0x5af38]  (no source info available)

Lock stack of current Java thread (top to bottom):


---------------  P R O C E S S  ---------------

Threads class SMR info:
_java_thread_list=0x00007ffbb2d13618, length=0, elements={
}

Java Threads: ( => current thread )
Total: 0

Other Threads:
  0x0000022ecb8f09a0 WorkerThread "GC Thread#0"                     [id=34416, stack(0x000000ce60c00000,0x000000ce60d00000) (1024K)]

[error occurred during error reporting (printing all threads), id 0xc0000005, EXCEPTION_ACCESS_VIOLATION (0xc0000005) at pc=0x00007ffbb2456830]
VM state: not at safepoint (not fully initialized)

VM Mutex/Monitor currently owned by a thread:  ([mutex/lock_event])
[0x00007ffbb2d93a10] Heap_lock - owner thread: 0x0000022ec9572010

Heap address: 0x000000008ac00000, size: 1876 MB, Compressed Oops mode: 32-bit

CDS archive(s) mapped at: [0x0000000000000000-0x0000000000000000-0x0000000000000000), size 0, SharedBaseAddress: 0x0000000800000000, ArchiveRelocationMode: 1.
Narrow klass base: 0x0000000000000000, Narrow klass shift: 0, Narrow klass range: 0x0

GC Precious Log:
 CardTable entry size: 512
 Card Set container configuration: InlinePtr #cards 5 size 8 Array Of Cards #cards 10 size 36 Howl #buckets 4 coarsen threshold 1843 Howl Bitmap #cards 512 size 80 coarsen threshold 460 Card regions per heap region 1 cards per card region 2048

Heap:
 garbage-first heap   total reserved 1921024K, committed 0K, used 0K [0x000000008ac00000, 0x0000000100000000)
  region size 1024K, 0 young (0K), 0 survivors (0K)

[error occurred during error reporting (printing heap information), id 0xc0000005, EXCEPTION_ACCESS_VIOLATION (0xc0000005) at pc=0x00007ffbb285c3c9]
GC Heap History (0 events):
No events

Dll operation events (1 events):
Event: 0.007 Loaded shared library C:\Program Files\Java\jdk-23\bin\java.dll

Deoptimization events (0 events):
No events

Classes loaded (0 events):
No events

Classes unloaded (0 events):
No events

Classes redefined (0 events):
No events

Internal exceptions (0 events):
No events

VM Operations (0 events):
No events

Memory protections (0 events):
No events

Nmethod flushes (0 events):
No events

Events (0 events):
No events


Dynamic libraries:
0x00007ff630a40000 - 0x00007ff630a50000 	C:\Program Files\Java\jdk-23\bin\java.exe
0x00007ffc2b4b0000 - 0x00007ffc2b6c7000 	C:\Windows\SYSTEM32\ntdll.dll
0x00007ffc29690000 - 0x00007ffc29754000 	C:\Windows\System32\KERNEL32.DLL
0x00007ffc28b40000 - 0x00007ffc28f11000 	C:\Windows\System32\KERNELBASE.dll
0x00007ffc28760000 - 0x00007ffc28871000 	C:\Windows\System32\ucrtbase.dll
0x00007ffc18a00000 - 0x00007ffc18a1b000 	C:\Program Files\Java\jdk-23\bin\VCRUNTIME140.dll
0x00007ffc18da0000 - 0x00007ffc18db7000 	C:\Program Files\Java\jdk-23\bin\jli.dll
0x00007ffc29760000 - 0x00007ffc29911000 	C:\Windows\System32\USER32.dll
0x00007ffc17cb0000 - 0x00007ffc17f42000 	C:\Windows\WinSxS\amd64_microsoft.windows.common-controls_6595b64144ccf1df_6.0.22621.4830_none_270fe7d773858e80\COMCTL32.dll
0x00007ffc285f0000 - 0x00007ffc28616000 	C:\Windows\System32\win32u.dll
0x00007ffc29920000 - 0x00007ffc299c7000 	C:\Windows\System32\msvcrt.dll
0x00007ffc2b2b0000 - 0x00007ffc2b2d9000 	C:\Windows\System32\GDI32.dll
0x00007ffc28880000 - 0x00007ffc2899b000 	C:\Windows\System32\gdi32full.dll
0x00007ffc28aa0000 - 0x00007ffc28b3a000 	C:\Windows\System32\msvcp_win.dll
0x00007ffc29bc0000 - 0x00007ffc29bf1000 	C:\Windows\System32\IMM32.DLL
0x00007ffc22b70000 - 0x00007ffc22b7c000 	C:\Program Files\Java\jdk-23\bin\vcruntime140_1.dll
0x00007ffbfbc10000 - 0x00007ffbfbc9e000 	C:\Program Files\Java\jdk-23\bin\msvcp140.dll
0x00007ffbb2120000 - 0x00007ffbb2e6f000 	C:\Program Files\Java\jdk-23\bin\server\jvm.dll
0x00007ffc29180000 - 0x00007ffc29231000 	C:\Windows\System32\ADVAPI32.dll
0x00007ffc29a80000 - 0x00007ffc29b27000 	C:\Windows\System32\sechost.dll
0x00007ffc29090000 - 0x00007ffc290b8000 	C:\Windows\System32\bcrypt.dll
0x00007ffc2b190000 - 0x00007ffc2b2a4000 	C:\Windows\System32\RPCRT4.dll
0x00007ffc2b2e0000 - 0x00007ffc2b351000 	C:\Windows\System32\WS2_32.dll
0x00007ffc284c0000 - 0x00007ffc2850d000 	C:\Windows\SYSTEM32\POWRPROF.dll
0x00007ffc22c60000 - 0x00007ffc22c94000 	C:\Windows\SYSTEM32\WINMM.dll
0x00007ffc203a0000 - 0x00007ffc203aa000 	C:\Windows\SYSTEM32\VERSION.dll
0x00007ffc284a0000 - 0x00007ffc284b3000 	C:\Windows\SYSTEM32\UMPDC.dll
0x00007ffc275a0000 - 0x00007ffc275b8000 	C:\Windows\SYSTEM32\kernel.appcore.dll
0x00007ffc1edb0000 - 0x00007ffc1edba000 	C:\Program Files\Java\jdk-23\bin\jimage.dll
0x00007ffc1f160000 - 0x00007ffc1f392000 	C:\Windows\SYSTEM32\DBGHELP.DLL
0x00007ffc2ae00000 - 0x00007ffc2b190000 	C:\Windows\System32\combase.dll
0x00007ffc29240000 - 0x00007ffc29317000 	C:\Windows\System32\OLEAUT32.dll
0x00007ffc1a0f0000 - 0x00007ffc1a122000 	C:\Windows\SYSTEM32\dbgcore.DLL
0x00007ffc28a20000 - 0x00007ffc28a9b000 	C:\Windows\System32\bcryptPrimitives.dll
0x00007ffc0b6b0000 - 0x00007ffc0b6ce000 	C:\Program Files\Java\jdk-23\bin\java.dll
0x00007ffc2a080000 - 0x00007ffc2a221000 	C:\Windows\System32\ole32.dll
0x00007ffc2a4f0000 - 0x00007ffc2ad78000 	C:\Windows\System32\SHELL32.dll
0x00007ffc28620000 - 0x00007ffc2875f000 	C:\Windows\System32\wintypes.dll

dbghelp: loaded successfully - version: 4.0.5 - missing functions: none
symbol engine: initialized successfully - sym options: 0x614 - pdb path: .;C:\Program Files\Java\jdk-23\bin;C:\Windows\SYSTEM32;C:\Windows\WinSxS\amd64_microsoft.windows.common-controls_6595b64144ccf1df_6.0.22621.4830_none_270fe7d773858e80;C:\Program Files\Java\jdk-23\bin\server

VM Arguments:
jvm_args: -Dclassworlds.conf=C:\Program Files\NetBeans-24\netbeans\java\maven\bin\m2.conf -Dmaven.home=C:\Program Files\NetBeans-24\netbeans\java\maven -Dlibrary.jansi.path=C:\Program Files\NetBeans-24\netbeans\java\maven\lib\jansi-native -Dmaven.multiModuleProjectDirectory=C:\Users\hazky\Documents\NetBeansProjects\ProyectoII 
java_command: org.codehaus.plexus.classworlds.launcher.Launcher -Dexec.vmArgs= -Dexec.args=${exec.vmArgs} -classpath %classpath ${exec.mainClass} ${exec.appArgs} -Dexec.appArgs= -Dexec.mainClass=com.mycompany.proyectoii.ProyectoII -Dexec.executable=C:\Program Files\Java\jdk-23\bin\java.exe -Dmaven.ext.class.path=C:\Program Files\NetBeans-24\netbeans\java\maven-nblib\netbeans-eventspy.jar --no-transfer-progress process-classes org.codehaus.mojo:exec-maven-plugin:3.1.0:exec
java_class_path (initial): C:\Program Files\NetBeans-24\netbeans\java\maven\boot\plexus-classworlds-2.8.0.jar
Launcher Type: SUN_STANDARD

[Global flags]
     intx CICompilerCount                          = 4                                         {product} {ergonomic}
     uint ConcGCThreads                            = 3                                         {product} {ergonomic}
     uint G1ConcRefinementThreads                  = 10                                        {product} {ergonomic}
   size_t G1HeapRegionSize                         = 1048576                                   {product} {ergonomic}
   size_t InitialHeapSize                          = 123731968                                 {product} {ergonomic}
   size_t MarkStackSize                            = 4194304                                   {product} {ergonomic}
   size_t MarkStackSizeMax                         = 536870912                                 {product} {ergonomic}
   size_t MaxHeapSize                              = 1967128576                                {product} {ergonomic}
   size_t MinHeapDeltaBytes                        = 1048576                                   {product} {ergonomic}
   size_t MinHeapSize                              = 8388608                                   {product} {ergonomic}
    uintx NonNMethodCodeHeapSize                   = 5832704                                {pd product} {ergonomic}
    uintx NonProfiledCodeHeapSize                  = 122945536                              {pd product} {ergonomic}
    uintx ProfiledCodeHeapSize                     = 122880000                              {pd product} {ergonomic}
    uintx ReservedCodeCacheSize                    = 251658240                              {pd product} {ergonomic}
     bool SegmentedCodeCache                       = true                                      {product} {ergonomic}
   size_t SoftMaxHeapSize                          = 1967128576                             {manageable} {ergonomic}
     bool UseCompressedOops                        = true                           {product lp64_product} {ergonomic}
     bool UseG1GC                                  = true                                      {product} {ergonomic}
     bool UseLargePagesIndividualAllocation        = false                                  {pd product} {ergonomic}

Logging:
Log output configuration:
 #0: stdout all=warning uptime,level,tags foldmultilines=false
 #1: stderr all=off uptime,level,tags foldmultilines=false

Environment Variables:
JAVA_HOME=C:\Program Files\Java\jdk-23
PATH=C:\Program Files\Common Files\Oracle\Java\javapath;C:\Windows\system32;C:\Windows;C:\Windows\System32\Wbem;C:\Windows\System32\WindowsPowerShell\v1.0\;C:\Windows\System32\OpenSSH\;C:\Program Files (x86)\NVIDIA Corporation\PhysX\Common;C:\Program Files\NVIDIA Corporation\NVIDIA NvDLISR;C:\Program Files\Microsoft SQL Server\150\Tools\Binn\;C:\Program Files\Microsoft SQL Server\Client SDK\ODBC\170\Tools\Binn\;C:\Program Files\dotnet\;C:\Users\hazky\AppData\Local\Microsoft\WindowsApps;C:\Users\hazky\.dotnet\tools
USERNAME=hazky
OS=Windows_NT
PROCESSOR_IDENTIFIER=AMD64 Family 25 Model 68 Stepping 1, AuthenticAMD
TMP=C:\Users\hazky\AppData\Local\Temp
TEMP=C:\Users\hazky\AppData\Local\Temp




Periodic native trim disabled

---------------  S Y S T E M  ---------------

OS:
 Windows 11 , 64 bit Build 22621 (10.0.22621.4974)
OS uptime: 16 days 0:31 hours
Hyper-V role detected

CPU: total 12 (initial active 12) (12 cores per cpu, 2 threads per core) family 25 model 68 stepping 1 microcode 0x0, cx8, cmov, fxsr, ht, mmx, 3dnowpref, sse, sse2, sse3, ssse3, sse4a, sse4.1, sse4.2, popcnt, lzcnt, tsc, tscinvbit, avx, avx2, aes, erms, clmul, bmi1, bmi2, adx, sha, fma, vzeroupper, clflush, clflushopt, hv, rdtscp, rdpid, fsrm, f16c, cet_ss
Processor Information for processor 0
  Max Mhz: 3301, Current Mhz: 2635, Mhz Limit: 3301
Processor Information for processor 1
  Max Mhz: 3301, Current Mhz: 2635, Mhz Limit: 3301
Processor Information for processor 2
  Max Mhz: 3301, Current Mhz: 2635, Mhz Limit: 3301
Processor Information for processor 3
  Max Mhz: 3301, Current Mhz: 2635, Mhz Limit: 3301
Processor Information for processor 4
  Max Mhz: 3301, Current Mhz: 3301, Mhz Limit: 3301
Processor Information for processor 5
  Max Mhz: 3301, Current Mhz: 2635, Mhz Limit: 3301
Processor Information for processor 6
  Max Mhz: 3301, Current Mhz: 2635, Mhz Limit: 3301
Processor Information for processor 7
  Max Mhz: 3301, Current Mhz: 2635, Mhz Limit: 3301
Processor Information for processor 8
  Max Mhz: 3301, Current Mhz: 2635, Mhz Limit: 3301
Processor Information for processor 9
  Max Mhz: 3301, Current Mhz: 2635, Mhz Limit: 3301
Processor Information for processor 10
  Max Mhz: 3301, Current Mhz: 2635, Mhz Limit: 3301
Processor Information for processor 11
  Max Mhz: 3301, Current Mhz: 2635, Mhz Limit: 3301

Memory: 4k page, system-wide physical 7498M (429M free)
TotalPageFile size 30026M (AvailPageFile size 6M)
current process WorkingSet (physical memory assigned to process): 12M, peak: 12M
current process commit charge ("private bytes"): 59M, peak: 60M

vm_info: Java HotSpot(TM) 64-Bit Server VM (23.0.1+11-39) for windows-amd64 JRE (23.0.1+11-39), built on 2024-09-30T07:20:43Z with MS VC++ 17.6 (VS2022)

END.
